2022-06-15 18:32:07,721  INFO [main] CucumberRunner:39 - Browser opened sucessfully
2022-06-15 18:32:19,472  INFO [main] CucumberRunner:47 - User in home page
2022-06-15 18:32:22,362  INFO [main] CucumberRunner:39 - Browser opened sucessfully
2022-06-15 18:32:39,317  INFO [main] CucumberRunner:47 - User in home page
2022-06-15 18:32:42,589  INFO [main] CucumberRunner:54 - Clicked on login!
2022-06-15 18:32:47,752  INFO [main] CucumberRunner:60 - Clicked on login inside the frame!
2022-06-15 18:32:52,937  INFO [main] CucumberRunner:65 - User moved to National Id and Mobile Number login!
2022-06-15 18:32:54,153  INFO [main] CucumberRunner:71 - User entered the username as 2206104107
2022-06-15 18:33:07,342  INFO [main] CucumberRunner:77 - User entered the username as 533862687
2022-06-15 18:33:07,343  INFO [main] CucumberRunner:83 - yet to click login!
2022-06-15 18:33:10,539  INFO [main] CucumberRunner:85 - Clicked login!
2022-06-15 18:33:10,540  INFO [main] CucumberRunner:90 - in loop OTP_0
2022-06-15 18:33:18,657  INFO [main] CucumberRunner:92 - User entered the static otp_0 text block as : 1
2022-06-15 18:33:21,731  INFO [main] CucumberRunner:98 - User entered the static otp_1 text block as : 1
2022-06-15 18:33:24,833  INFO [main] CucumberRunner:104 - User entered the static otp_2 text block as : 1
2022-06-15 18:33:27,926  INFO [main] CucumberRunner:110 - User entered the static otp_3 text block as : 1
2022-06-15 18:33:41,081  INFO [main] CucumberRunner:116 - Waiting for logged in user profile screen!
2022-06-15 18:33:51,082  INFO [main] CucumberRunner:118 - Successfully logged in!
2022-06-15 18:33:52,674  INFO [main] CucumberRunner:35 - Browser opened sucessfully
2022-06-15 18:34:04,917  INFO [main] CucumberRunner:42 - User in home page
2022-06-15 18:34:17,335  INFO [main] CucumberRunner:49 - User navigated to arabic version!
2022-06-15 18:34:27,592  INFO [main] CucumberRunner:54 - Clicked on login!
2022-06-15 18:34:27,593  INFO [main] CucumberRunner:59 - Yet to click inside the frame!
2022-06-15 18:34:35,767  INFO [main] CucumberRunner:61 - Clicked on login inside the frame!
2022-06-15 18:34:38,960  INFO [main] CucumberRunner:67 - User entered the username as Shaik
2022-06-15 18:34:42,117  INFO [main] CucumberRunner:73 - User entered the password as Test123456
2022-06-15 18:34:45,281  INFO [main] CucumberRunner:83 - in loop OTP_0
2022-06-15 18:34:53,387  INFO [main] CucumberRunner:85 - User entered the static otp_0 text block as : 1
2022-06-15 18:34:56,485  INFO [main] CucumberRunner:91 - User entered the static otp_1 text block as : 1
2022-06-15 18:34:59,584  INFO [main] CucumberRunner:97 - User entered the static otp_2 text block as : 1
2022-06-15 18:35:02,672  INFO [main] CucumberRunner:103 - User entered the static otp_3 text block as : 1
2022-06-15 18:35:15,835  INFO [main] CucumberRunner:109 - Waiting for logged in user profile screen!
2022-06-15 18:35:25,838  INFO [main] CucumberRunner:111 - Successfully logged in!
